#
# There is insufficient memory for the Java Runtime Environment to continue.
# Native memory allocation (mmap) failed to map 65536 bytes for Failed to commit area from 0x0000022f52b40000 to 0x0000022f52b50000 of length 65536.
# Possible reasons:
#   The system is out of physical RAM or swap space
#   The process is running with CompressedOops enabled, and the Java Heap may be blocking the growth of the native heap
# Possible solutions:
#   Reduce memory load on the system
#   Increase physical memory or swap space
#   Check if swap backing store is full
#   Decrease Java heap size (-Xmx/-Xms)
#   Decrease number of Java threads
#   Decrease Java thread stack sizes (-Xss)
#   Set larger code cache with -XX:ReservedCodeCacheSize=
# This output file may be truncated or incomplete.
#
#  Out of Memory Error (./src/hotspot/os/windows/os_windows.cpp:3624), pid=32776, tid=33916
#
# JRE version:  (11.0.14.1+1) (build )
# Java VM: OpenJDK 64-Bit Server VM (11.0.14.1+1-b1751.46, mixed mode, sharing, tiered, compressed oops, g1 gc, windows-amd64)
# No core dump will be written. Minidumps are not enabled by default on client versions of Windows
#

---------------  S U M M A R Y ------------

Command Line: git4idea.http.GitAskPassApp Username for 'https://github.com': 

Host: Intel(R) Core(TM) i5-10300H CPU @ 2.50GHz, 8 cores, 15G,  Windows 10 , 64 bit Build 19041 (10.0.19041.2788)
Time: Tue May  9 23:26:42 2023 FLE Daylight Time elapsed time: 0.010957 seconds (0d 0h 0m 0s)

---------------  T H R E A D  ---------------

Current thread (0x0000022f3a16b800):  JavaThread "Unknown thread" [_thread_in_vm, id=33916, stack(0x000000d2c9100000,0x000000d2c9200000)]

Stack: [0x000000d2c9100000,0x000000d2c9200000]
Native frames: (J=compiled Java code, j=interpreted, Vv=VM code, C=native code)
V  [jvm.dll+0x61601a]
V  [jvm.dll+0x79c3b0]
V  [jvm.dll+0x79d9cd]
V  [jvm.dll+0x79e0a3]
V  [jvm.dll+0x24ca38]
V  [jvm.dll+0x613074]
V  [jvm.dll+0x607d75]
V  [jvm.dll+0x30b05b]
V  [jvm.dll+0x30afca]
V  [jvm.dll+0x30aea2]
V  [jvm.dll+0x30fef5]
V  [jvm.dll+0x35b497]
V  [jvm.dll+0x35bb76]
V  [jvm.dll+0x35b573]
V  [jvm.dll+0x2e57b8]
V  [jvm.dll+0x2e6967]
V  [jvm.dll+0x779377]
V  [jvm.dll+0x77ab6c]
V  [jvm.dll+0x368a19]
V  [jvm.dll+0x75ce8e]
V  [jvm.dll+0x3d6aa3]
V  [jvm.dll+0x3d8ff1]
C  [jli.dll+0x536b]
C  [ucrtbase.dll+0x21bb2]
C  [KERNEL32.DLL+0x17604]
C  [ntdll.dll+0x526a1]


---------------  P R O C E S S  ---------------

Threads class SMR info:
_java_thread_list=0x0000022f380327b0, length=0, elements={
}

Java Threads: ( => current thread )

Other Threads:
  0x0000022f3a186000 GCTaskThread "GC Thread#0" [stack: 0x000000d2c9200000,0x000000d2c9300000] [id=24328]
  0x0000022f3a1e3800 ConcurrentGCThread "G1 Main Marker" [stack: 0x000000d2c9300000,0x000000d2c9400000] [id=28348]
  0x0000022f3a1e6000 ConcurrentGCThread "G1 Conc#0" [stack: 0x000000d2c9400000,0x000000d2c9500000] [id=19352]

[error occurred during error reporting (printing all threads), id 0xc0000005, EXCEPTION_ACCESS_VIOLATION (0xc0000005) at pc=0x00007ff827235f37]

VM state:not at safepoint (not fully initialized)

VM Mutex/Monitor currently owned by a thread:  ([mutex/lock_event])
[0x0000022f3a167e30] Heap_lock - owner thread: 0x0000022f3a16b800

Heap address: 0x0000000702000000, size: 4064 MB, Compressed Oops mode: Non-zero based: 0x0000000702000000
Narrow klass base: 0x0000000000000000, Narrow klass shift: 0

GC Heap History (0 events):
No events

Deoptimization events (0 events):
No events

Classes redefined (0 events):
No events

Internal exceptions (0 events):
No events

Events (1 events):
Event: 0.005 Loaded shared library C:\Program Files\JetBrains\PhpStorm 2021.3.3\jbr\bin\zip.dll


Dynamic libraries:
0x00007ff67ccd0000 - 0x00007ff67ccda000 	C:\Program Files\JetBrains\PhpStorm 2021.3.3\jbr\bin\java.exe
0x00007ff8d56d0000 - 0x00007ff8d58c8000 	C:\Windows\SYSTEM32\ntdll.dll
0x00007ff8d45a0000 - 0x00007ff8d465f000 	C:\Windows\System32\KERNEL32.DLL
0x00007ff8d3450000 - 0x00007ff8d372a000 	C:\Windows\System32\KERNELBASE.dll
0x00007ff8d2de0000 - 0x00007ff8d2ee0000 	C:\Windows\System32\ucrtbase.dll
0x00007ff8aa930000 - 0x00007ff8aa946000 	C:\Program Files\JetBrains\PhpStorm 2021.3.3\jbr\bin\VCRUNTIME140.dll
0x00007ff8a7700000 - 0x00007ff8a7719000 	C:\Program Files\JetBrains\PhpStorm 2021.3.3\jbr\bin\jli.dll
0x00007ff8d53a0000 - 0x00007ff8d553d000 	C:\Windows\System32\USER32.dll
0x00007ff8bcad0000 - 0x00007ff8bcd6a000 	C:\Windows\WinSxS\amd64_microsoft.windows.common-controls_6595b64144ccf1df_6.0.19041.1110_none_60b5254171f9507e\COMCTL32.dll
0x00007ff8d3280000 - 0x00007ff8d32a2000 	C:\Windows\System32\win32u.dll
0x00007ff8d5300000 - 0x00007ff8d539e000 	C:\Windows\System32\msvcrt.dll
0x00007ff8d39f0000 - 0x00007ff8d3a1b000 	C:\Windows\System32\GDI32.dll
0x00007ff8d32b0000 - 0x00007ff8d33c0000 	C:\Windows\System32\gdi32full.dll
0x00007ff8d3170000 - 0x00007ff8d320d000 	C:\Windows\System32\msvcp_win.dll
0x00007ff8d46d0000 - 0x00007ff8d4700000 	C:\Windows\System32\IMM32.DLL
0x00007ff8994d0000 - 0x00007ff89957a000 	C:\Program Files\JetBrains\PhpStorm 2021.3.3\jbr\bin\msvcp140.dll
0x00007ff826f40000 - 0x00007ff827aba000 	C:\Program Files\JetBrains\PhpStorm 2021.3.3\jbr\bin\server\jvm.dll
0x00007ff8d3da0000 - 0x00007ff8d3e4e000 	C:\Windows\System32\ADVAPI32.dll
0x00007ff8d3b80000 - 0x00007ff8d3c1c000 	C:\Windows\System32\sechost.dll
0x00007ff8d5540000 - 0x00007ff8d5666000 	C:\Windows\System32\RPCRT4.dll
0x00007ff8d46c0000 - 0x00007ff8d46c8000 	C:\Windows\System32\PSAPI.DLL
0x00007ff8a4230000 - 0x00007ff8a4239000 	C:\Windows\SYSTEM32\WSOCK32.dll
0x00007ff8c0c40000 - 0x00007ff8c0c67000 	C:\Windows\SYSTEM32\WINMM.dll
0x00007ff8d3a20000 - 0x00007ff8d3a8b000 	C:\Windows\System32\WS2_32.dll
0x00007ff8ccd40000 - 0x00007ff8ccd4a000 	C:\Windows\SYSTEM32\VERSION.dll
0x00007ff8d1630000 - 0x00007ff8d1642000 	C:\Windows\SYSTEM32\kernel.appcore.dll
0x00007ff89c720000 - 0x00007ff89c731000 	C:\Program Files\JetBrains\PhpStorm 2021.3.3\jbr\bin\verify.dll
0x00007ff8d0a50000 - 0x00007ff8d0c34000 	C:\Windows\SYSTEM32\DBGHELP.DLL
0x00007ff8be290000 - 0x00007ff8be2c4000 	C:\Windows\SYSTEM32\dbgcore.DLL
0x00007ff8d33c0000 - 0x00007ff8d3442000 	C:\Windows\System32\bcryptPrimitives.dll
0x00007ff89c6f0000 - 0x00007ff89c719000 	C:\Program Files\JetBrains\PhpStorm 2021.3.3\jbr\bin\java.dll
0x00007ff89ff70000 - 0x00007ff89ff7b000 	C:\Program Files\JetBrains\PhpStorm 2021.3.3\jbr\bin\jimage.dll
0x00007ff89bf80000 - 0x00007ff89bf99000 	C:\Program Files\JetBrains\PhpStorm 2021.3.3\jbr\bin\zip.dll

dbghelp: loaded successfully - version: 4.0.5 - missing functions: none
symbol engine: initialized successfully - sym options: 0x614 - pdb path: .;C:\Program Files\JetBrains\PhpStorm 2021.3.3\jbr\bin;C:\Windows\SYSTEM32;C:\Windows\WinSxS\amd64_microsoft.windows.common-controls_6595b64144ccf1df_6.0.19041.1110_none_60b5254171f9507e;C:\Program Files\JetBrains\PhpStorm 2021.3.3\jbr\bin\server

VM Arguments:
java_command: git4idea.http.GitAskPassApp Username for 'https://github.com': 
java_class_path (initial): C:/Program Files/JetBrains/PhpStorm 2021.3.3/plugins/git4idea/lib/git4idea-rt.jar;C:/Program Files/JetBrains/PhpStorm 2021.3.3/lib/3rd-party.jar;C:/Program Files/JetBrains/PhpStorm 2021.3.3/lib/3rd-party-rt.jar
Launcher Type: SUN_STANDARD

[Global flags]
     intx CICompilerCount                          = 4                                         {product} {ergonomic}
     uint ConcGCThreads                            = 2                                         {product} {ergonomic}
     uint G1ConcRefinementThreads                  = 8                                         {product} {ergonomic}
   size_t G1HeapRegionSize                         = 1048576                                   {product} {ergonomic}
    uintx GCDrainStackTargetSize                   = 64                                        {product} {ergonomic}
   size_t InitialHeapSize                          = 266338304                                 {product} {ergonomic}
   size_t MarkStackSize                            = 4194304                                   {product} {ergonomic}
   size_t MaxHeapSize                              = 4261412864                                {product} {ergonomic}
   size_t MinHeapDeltaBytes                        = 1048576                                   {product} {ergonomic}
    uintx NonNMethodCodeHeapSize                   = 5836300                                {pd product} {ergonomic}
    uintx NonProfiledCodeHeapSize                  = 122910970                              {pd product} {ergonomic}
    uintx ProfiledCodeHeapSize                     = 122910970                              {pd product} {ergonomic}
    uintx ReservedCodeCacheSize                    = 251658240                              {pd product} {ergonomic}
     bool SegmentedCodeCache                       = true                                      {product} {ergonomic}
     bool UseCompressedClassPointers               = true                                 {lp64_product} {ergonomic}
     bool UseCompressedOops                        = true                                 {lp64_product} {ergonomic}
     bool UseG1GC                                  = true                                      {product} {ergonomic}
     bool UseLargePagesIndividualAllocation        = false                                  {pd product} {ergonomic}

Logging:
Log output configuration:
 #0: stdout all=warning uptime,level,tags
 #1: stderr all=off uptime,level,tags

Environment Variables:
PATH=C:\Program Files\Git\mingw64\libexec\git-core;C:\Program Files\Git\mingw64\libexec\git-core;C:\Program Files\Git\mingw64\bin;C:\Program Files\Git\usr\bin;C:\Users\mpbra\bin;C:\Program Files\ImageMagick-7.1.0-Q16-HDRI;C:\Python310\Scripts;C:\Python310;C:\Windows\system32;C:\Windows;C:\Windows\System32\Wbem;C:\Windows\System32\WindowsPowerShell\v1.0;C:\Windows\System32\OpenSSH;C:\ProgramData\chocolatey\bin;C:\Program Files\Git\cmd;C:\Program Files\nodejs;C:\wamp64\bin\php\php8.0.13;C:\ProgramData\ComposerSetup\bin;C:\Program Files\NVIDIA Corporation\NVIDIA NvDLISR;C:\Program Files (x86)\NVIDIA Corporation\PhysX\Common;C:\Program Files\Inkscape\bin;C:\wamp64\bin\apache\apache2.4.51\bin;C:\Users\mpbra\AppData\Local\Microsoft\WindowsApps;C:\Program Files\JetBrains\PhpStorm 2021.3.3\bin;C:\Users\mpbra\AppData\Roaming\npm;C:\Users\mpbra\AppData\Roaming\Composer\vendor\bin;C:\youtube-dl;C:\ffmpeg\bin;C:\Users\mpbra\AppData\Local\Microsoft\WinGet\Links
USERNAME=brnteka
DISPLAY=:0.0
LC_ALL=en_US.UTF-8
OS=Windows_NT
PROCESSOR_IDENTIFIER=Intel64 Family 6 Model 165 Stepping 2, GenuineIntel



---------------  S Y S T E M  ---------------

OS: Windows 10 , 64 bit Build 19041 (10.0.19041.2788)
OS uptime: 5 days 12:37 hours

CPU:total 8 (initial active 8) (4 cores per cpu, 2 threads per core) family 6 model 165 stepping 2 microcode 0xf4, cmov, cx8, fxsr, mmx, sse, sse2, sse3, ssse3, sse4.1, sse4.2, popcnt, avx, avx2, aes, clmul, erms, 3dnowpref, lzcnt, ht, tsc, tscinvbit, bmi1, bmi2, adx, fma

Memory: 4k page, system-wide physical 16251M (4396M free)
TotalPageFile size 34923M (AvailPageFile size 6M)
current process WorkingSet (physical memory assigned to process): 14M, peak: 14M
current process commit charge ("private bytes"): 322M, peak: 322M

vm_info: OpenJDK 64-Bit Server VM (11.0.14.1+1-b1751.46) for windows-amd64 JRE (11.0.14.1+1-b1751.46), built on Feb 21 2022 15:19:20 by "" with MS VC++ 14.0 (VS2015)

END.
