#
# A fatal error has been detected by the Java Runtime Environment:
#
#  EXCEPTION_UNCAUGHT_CXX_EXCEPTION (0xe06d7363) at pc=0x00007ff94cc0d759, pid=560, tid=16580
#
# JRE version: OpenJDK Runtime Environment JBR-11.0.8.10-944.31-jcef (11.0.8+10) (build 11.0.8+10-b944.31)
# Java VM: OpenJDK 64-Bit Server VM JBR-11.0.8.10-944.31-jcef (11.0.8+10-b944.31, mixed mode, tiered, compressed oops, g1 gc, windows-amd64)
# Problematic frame:
# C  [KERNELBASE.dll+0x2d759]
#
# No core dump will be written. Minidumps are not enabled by default on client versions of Windows
#
# If you would like to submit a bug report, please visit:
#   https://bugreport.java.com/bugreport/crash.jsp
#

---------------  S U M M A R Y ------------

Command Line: org.jetbrains.git4idea.http.GitAskPassApp Password for 'https://alexander-holovko@github.com': 

Host: Intel(R) Core(TM) i7-10750H CPU @ 2.60GHz, 12 cores, 15G,  Windows 10 , 64 bit Build 19041 (10.0.19041.804)
Time: Tue Feb 23 18:36:37 2021 Финляндия (зима) elapsed time: 0 seconds (0d 0h 0m 0s)

---------------  T H R E A D  ---------------

Current thread (0x00000238569db000):  JavaThread "main" [_thread_in_vm, id=16580, stack(0x000000f648600000,0x000000f648700000)]

Stack: [0x000000f648600000,0x000000f648700000],  sp=0x000000f6486fc0d0,  free space=1008k
Native frames: (J=compiled Java code, j=interpreted, Vv=VM code, C=native code)
C  [KERNELBASE.dll+0x2d759]
C  [VCRUNTIME140.dll+0x4462]
C  [jimage.dll+0x389f]

Java frames: (J=compiled Java code, j=interpreted, Vv=VM code)
j  java.lang.ClassLoader.findBootstrapClass(Ljava/lang/String;)Ljava/lang/Class;+0 java.base@11.0.8
j  java.lang.ClassLoader.findBootstrapClassOrNull(Ljava/lang/String;)Ljava/lang/Class;+12 java.base@11.0.8
j  java.lang.System$2.findBootstrapClassOrNull(Ljava/lang/ClassLoader;Ljava/lang/String;)Ljava/lang/Class;+2 java.base@11.0.8
j  jdk.internal.loader.ClassLoaders$BootClassLoader.loadClassOrNull(Ljava/lang/String;)Ljava/lang/Class;+5 java.base@11.0.8
j  jdk.internal.loader.BuiltinClassLoader.loadClassOrNull(Ljava/lang/String;Z)Ljava/lang/Class;+66 java.base@11.0.8
j  jdk.internal.loader.BuiltinClassLoader.loadClass(Ljava/lang/String;Z)Ljava/lang/Class;+3 java.base@11.0.8
j  jdk.internal.loader.ClassLoaders$AppClassLoader.loadClass(Ljava/lang/String;Z)Ljava/lang/Class;+36 java.base@11.0.8
j  java.lang.ClassLoader.loadClass(Ljava/lang/String;)Ljava/lang/Class;+3 java.base@11.0.8
v  ~StubRoutines::call_stub
j  org.apache.xmlrpc.DefaultTypeFactory.<clinit>()V+0
v  ~StubRoutines::call_stub
j  org.apache.xmlrpc.XmlRpc.createTypeFactory(Ljava/lang/String;)Lorg/apache/xmlrpc/TypeFactory;+94
j  org.apache.xmlrpc.XmlRpc.<init>()V+107
j  org.apache.xmlrpc.XmlRpcClientResponseProcessor.<init>(Ljava/util/TimeZone;)V+1
j  org.apache.xmlrpc.XmlRpcClientWorker.<init>(Ljava/util/TimeZone;)V+14
j  org.apache.xmlrpc.XmlRpcClient.getWorker(Z)Lorg/apache/xmlrpc/XmlRpcClientWorker;+87
j  org.apache.xmlrpc.XmlRpcClient.execute(Lorg/apache/xmlrpc/XmlRpcClientRequest;Lorg/apache/xmlrpc/XmlRpcTransport;)Ljava/lang/Object;+2
j  org.apache.xmlrpc.XmlRpcClient.execute(Lorg/apache/xmlrpc/XmlRpcClientRequest;)Ljava/lang/Object;+6
j  org.apache.xmlrpc.XmlRpcClient.execute(Ljava/lang/String;Ljava/util/Vector;)Ljava/lang/Object;+63
j  org.jetbrains.git4idea.GitAppUtil.sendXmlRequest(Ljava/lang/String;I[Ljava/lang/Object;)Ljava/lang/Object;+44
j  org.jetbrains.git4idea.http.GitAskPassApp.main([Ljava/lang/String;)V+46
v  ~StubRoutines::call_stub

siginfo: EXCEPTION_UNCAUGHT_CXX_EXCEPTION (0xe06d7363), ExceptionInformation=0x0000000019930520 0x000000f6486fc250 0x00007ff93d095038 0x00007ff93d090000 


Register to memory mapping:

RIP=0x00007ff94cc0d759 KERNELBASE.dll
RAX=0x0 is NULL
RBX=0x0000000000007516 is an unknown value
RCX=0x0000000000000002 is an unknown value
RDX=0x0 is NULL
RSP=0x000000f6486fc0d0 is pointing into the stack for thread: 0x00000238569db000
RBP=0x000000f6486fc210 is pointing into the stack for thread: 0x00000238569db000
RSI=0x00007ff93d095038 jimage.dll
RDI=0x000002385ad06d50 points into unknown readable memory: fa fa fe ca 7a 3c 00 00
R8 =0x0 is NULL
R9 =0x0000023878647560 points into unknown readable memory: 00 da 4b 78 38 02 00 00
R10=0x00007ff94f229761 ntdll.dll
R11=0x00000238569db000 is a thread
R12=0x0000000000007516 is an unknown value
R13=0x00000238569e4ad0 points into unknown readable memory: 78 24 3d 01 f9 7f 00 00
R14=0x000000f6486fc250 is pointing into the stack for thread: 0x00000238569db000
R15=0x00000238784bda10 points into unknown readable memory: 20 e4 41 78 38 02 00 00


Registers:
RAX=0x0000000000000000, RBX=0x0000000000007516, RCX=0x0000000000000002, RDX=0x0000000000000000
RSP=0x000000f6486fc0d0, RBP=0x000000f6486fc210, RSI=0x00007ff93d095038, RDI=0x000002385ad06d50
R8 =0x0000000000000000, R9 =0x0000023878647560, R10=0x00007ff94f229761, R11=0x00000238569db000
R12=0x0000000000007516, R13=0x00000238569e4ad0, R14=0x000000f6486fc250, R15=0x00000238784bda10
RIP=0x00007ff94cc0d759, EFLAGS=0x0000000000000202

Top of Stack: (sp=0x000000f6486fc0d0)
0x000000f6486fc0d0:   000002385686ee00 0000000000007516
0x000000f6486fc0e0:   00007ff93d095038 00007ff94f2279db
0x000000f6486fc0f0:   00000001e06d7363 0000000000000000
0x000000f6486fc100:   00007ff94cc0d759 0000000000000004
0x000000f6486fc110:   0000000019930520 000000f6486fc250
0x000000f6486fc120:   00007ff93d095038 00007ff93d090000
0x000000f6486fc130:   00000238569e4ad0 0000000000007516
0x000000f6486fc140:   00007ff93d095038 000000f6486fc210
0x000000f6486fc150:   000000f6486fc230 00007ff94f23698f
0x000000f6486fc160:   000002385ad06d50 0000000000000000
0x000000f6486fc170:   0000023878591c60 0000000000000110
0x000000f6486fc180:   00007ff93d097000 00007ff93d090000
0x000000f6486fc190:   000027c4be6d8d91 00007ff94f25ab60
0x000000f6486fc1a0:   0000000000007516 00007ff943e54462
0x000000f6486fc1b0:   00000238567a02ac 00007ff94cc2da8b
0x000000f6486fc1c0:   0000000000000030 00007ff94f25ab60 

Instructions: (pc=0x00007ff94cc0d759)
0x00007ff94cc0d659:   d8 21 00 00 41 0f 44 c0 89 43 24 8b 41 18 89 43
0x00007ff94cc0d669:   28 65 48 8b 04 25 60 00 00 00 48 8b 48 20 39 79
0x00007ff94cc0d679:   08 7c 36 41 b9 40 00 00 00 48 89 7c 24 20 4c 8d
0x00007ff94cc0d689:   44 24 30 48 83 c9 ff 41 8d 51 e5 48 ff 15 8d 23
0x00007ff94cc0d699:   19 00 0f 1f 44 00 00 85 c0 0f 88 5f 5b 07 00 81
0x00007ff94cc0d6a9:   7c 24 54 33 00 03 00 72 0f 48 8b 9c 24 80 00 00
0x00007ff94cc0d6b9:   00 48 83 c4 70 5f c3 cc 89 7b 2c eb ec cc cc cc
0x00007ff94cc0d6c9:   cc cc cc cc cc cc cc 65 48 8b 04 25 30 00 00 00
0x00007ff94cc0d6d9:   8b 40 68 c3 cc cc cc cc cc cc cc cc cc cc cc cc
0x00007ff94cc0d6e9:   cc cc cc cc cc cc cc 48 81 ec d8 00 00 00 48 8b
0x00007ff94cc0d6f9:   05 72 e7 25 00 48 33 c4 48 89 84 24 c0 00 00 00
0x00007ff94cc0d709:   48 83 64 24 28 00 48 8d 05 da ff ff ff 83 e2 01
0x00007ff94cc0d719:   89 4c 24 20 89 54 24 24 48 89 44 24 30 4d 85 c9
0x00007ff94cc0d729:   74 4c b8 0f 00 00 00 48 8d 4c 24 40 44 3b c0 49
0x00007ff94cc0d739:   8b d1 44 0f 47 c0 44 89 44 24 38 49 c1 e0 03 e8
0x00007ff94cc0d749:   2a 47 06 00 48 8d 4c 24 20 48 ff 15 af 23 19 00
0x00007ff94cc0d759:   0f 1f 44 00 00 48 8b 8c 24 c0 00 00 00 48 33 cc
0x00007ff94cc0d769:   e8 d2 09 06 00 48 81 c4 d8 00 00 00 c3 cc 83 64
0x00007ff94cc0d779:   24 38 00 eb cf cc cc cc cc cc cc cc cc cc cc cc
0x00007ff94cc0d789:   cc cc cc cc cc cc cc 40 53 48 83 ec 30 48 8b d1
0x00007ff94cc0d799:   48 8d 4c 24 20 e8 25 ce ff ff 85 c0 74 26 48 8b
0x00007ff94cc0d7a9:   4c 24 28 e8 bf 70 ff ff 48 8d 4c 24 20 8b d8 48
0x00007ff94cc0d7b9:   ff 15 a1 1b 19 00 0f 1f 44 00 00 8b c3 48 83 c4
0x00007ff94cc0d7c9:   30 5b c3 cc 83 c8 ff eb f4 cc cc cc cc cc cc cc
0x00007ff94cc0d7d9:   cc cc cc cc cc cc cc 48 8b c4 48 89 58 10 48 89
0x00007ff94cc0d7e9:   70 18 57 48 83 ec 60 0f 57 c0 0f 11 40 b8 48 8d
0x00007ff94cc0d7f9:   35 b2 78 19 00 33 db 48 85 c9 48 0f 45 f1 48 8b
0x00007ff94cc0d809:   d6 48 8d 48 c8 48 ff 15 d3 21 19 00 0f 1f 44 00
0x00007ff94cc0d819:   00 8b f8 89 44 24 70 85 c0 78 1f 41 b0 01 48 8d
0x00007ff94cc0d829:   54 24 30 48 8d 4c 24 20 48 ff 15 50 1b 19 00 0f
0x00007ff94cc0d839:   1f 44 00 00 8b f8 89 44 24 70 85 ff 0f 88 c9 59
0x00007ff94cc0d849:   07 00 48 83 c8 ff 48 8b c8 48 ff c1 66 39 1c 4e 


Stack slot to memory mapping:
stack at sp + 0 slots: 0x000002385686ee00 points into unknown readable memory: 69 31 2c 20 62 6d 69 32
stack at sp + 1 slots: 0x0000000000007516 is an unknown value
stack at sp + 2 slots: 0x00007ff93d095038 jimage.dll
stack at sp + 3 slots: 0x00007ff94f2279db ntdll.dll
stack at sp + 4 slots: 0x00000001e06d7363 is an unknown value
stack at sp + 5 slots: 0x0 is NULL
stack at sp + 6 slots: 0x00007ff94cc0d759 KERNELBASE.dll
stack at sp + 7 slots: 0x0000000000000004 is an unknown value


---------------  P R O C E S S  ---------------

Threads class SMR info:
_java_thread_list=0x000002387855aee0, length=10, elements={
0x00000238569db000, 0x00000238783a4800, 0x00000238783b2800, 0x0000023877af4800,
0x0000023877af5800, 0x00000238783f4800, 0x00000238783f7000, 0x00000238783f8000,
0x0000023878561000, 0x0000023878571000
}

Java Threads: ( => current thread )
=>0x00000238569db000 JavaThread "main" [_thread_in_vm, id=16580, stack(0x000000f648600000,0x000000f648700000)]
  0x00000238783a4800 JavaThread "Reference Handler" daemon [_thread_blocked, id=10576, stack(0x000000f648d00000,0x000000f648e00000)]
  0x00000238783b2800 JavaThread "Finalizer" daemon [_thread_blocked, id=11556, stack(0x000000f648e00000,0x000000f648f00000)]
  0x0000023877af4800 JavaThread "Signal Dispatcher" daemon [_thread_blocked, id=984, stack(0x000000f648f00000,0x000000f649000000)]
  0x0000023877af5800 JavaThread "Attach Listener" daemon [_thread_blocked, id=14280, stack(0x000000f649000000,0x000000f649100000)]
  0x00000238783f4800 JavaThread "C2 CompilerThread0" daemon [_thread_blocked, id=2200, stack(0x000000f649100000,0x000000f649200000)]
  0x00000238783f7000 JavaThread "C1 CompilerThread0" daemon [_thread_blocked, id=10184, stack(0x000000f649200000,0x000000f649300000)]
  0x00000238783f8000 JavaThread "Sweeper thread" daemon [_thread_blocked, id=8912, stack(0x000000f649300000,0x000000f649400000)]
  0x0000023878561000 JavaThread "Service Thread" daemon [_thread_blocked, id=20888, stack(0x000000f649400000,0x000000f649500000)]
  0x0000023878571000 JavaThread "Common-Cleaner" daemon [_thread_blocked, id=13140, stack(0x000000f649600000,0x000000f649700000)]

Other Threads:
  0x0000023877adb800 VMThread "VM Thread" [stack: 0x000000f648c00000,0x000000f648d00000] [id=9352]
  0x000002387856a800 WatcherThread [stack: 0x000000f649500000,0x000000f649600000] [id=5064]
  0x00000238569f1800 GCTaskThread "GC Thread#0" [stack: 0x000000f648700000,0x000000f648800000] [id=8704]
  0x0000023856a51000 ConcurrentGCThread "G1 Main Marker" [stack: 0x000000f648800000,0x000000f648900000] [id=16180]
  0x0000023856a54000 ConcurrentGCThread "G1 Conc#0" [stack: 0x000000f648900000,0x000000f648a00000] [id=6052]
  0x00000238779b6800 ConcurrentGCThread "G1 Refine#0" [stack: 0x000000f648a00000,0x000000f648b00000] [id=13192]
  0x00000238779b7800 ConcurrentGCThread "G1 Young RemSet Sampling" [stack: 0x000000f648b00000,0x000000f648c00000] [id=15004]

Threads with active compile tasks:

VM state:not at safepoint (normal execution)

VM Mutex/Monitor currently owned by a thread: None

Heap address: 0x0000000702800000, size: 4056 MB, Compressed Oops mode: Zero based, Oop shift amount: 3
Narrow klass base: 0x0000000800000000, Narrow klass shift: 0
Compressed class space size: 1073741824 Address: 0x0000000800000000

Heap:
 garbage-first heap   total 260096K, used 3072K [0x0000000702800000, 0x0000000800000000)
  region size 1024K, 4 young (4096K), 0 survivors (0K)
 Metaspace       used 5978K, capacity 6099K, committed 6272K, reserved 1056768K
  class space    used 532K, capacity 561K, committed 640K, reserved 1048576K
Heap Regions: E=young(eden), S=young(survivor), O=old, HS=humongous(starts), HC=humongous(continues), CS=collection set, F=free, A=archive, TAMS=top-at-mark-start (previous, next)
|   0|0x0000000702800000, 0x0000000702800000, 0x0000000702900000|  0%| F|  |TAMS 0x0000000702800000, 0x0000000702800000| Untracked 
|   1|0x0000000702900000, 0x0000000702900000, 0x0000000702a00000|  0%| F|  |TAMS 0x0000000702900000, 0x0000000702900000| Untracked 
|   2|0x0000000702a00000, 0x0000000702a00000, 0x0000000702b00000|  0%| F|  |TAMS 0x0000000702a00000, 0x0000000702a00000| Untracked 
|   3|0x0000000702b00000, 0x0000000702b00000, 0x0000000702c00000|  0%| F|  |TAMS 0x0000000702b00000, 0x0000000702b00000| Untracked 
|   4|0x0000000702c00000, 0x0000000702c00000, 0x0000000702d00000|  0%| F|  |TAMS 0x0000000702c00000, 0x0000000702c00000| Untracked 
|   5|0x0000000702d00000, 0x0000000702d00000, 0x0000000702e00000|  0%| F|  |TAMS 0x0000000702d00000, 0x0000000702d00000| Untracked 
|   6|0x0000000702e00000, 0x0000000702e00000, 0x0000000702f00000|  0%| F|  |TAMS 0x0000000702e00000, 0x0000000702e00000| Untracked 
|   7|0x0000000702f00000, 0x0000000702f00000, 0x0000000703000000|  0%| F|  |TAMS 0x0000000702f00000, 0x0000000702f00000| Untracked 
|   8|0x0000000703000000, 0x0000000703000000, 0x0000000703100000|  0%| F|  |TAMS 0x0000000703000000, 0x0000000703000000| Untracked 
|   9|0x0000000703100000, 0x0000000703100000, 0x0000000703200000|  0%| F|  |TAMS 0x0000000703100000, 0x0000000703100000| Untracked 
|  10|0x0000000703200000, 0x0000000703200000, 0x0000000703300000|  0%| F|  |TAMS 0x0000000703200000, 0x0000000703200000| Untracked 
|  11|0x0000000703300000, 0x0000000703300000, 0x0000000703400000|  0%| F|  |TAMS 0x0000000703300000, 0x0000000703300000| Untracked 
|  12|0x0000000703400000, 0x0000000703400000, 0x0000000703500000|  0%| F|  |TAMS 0x0000000703400000, 0x0000000703400000| Untracked 
|  13|0x0000000703500000, 0x0000000703500000, 0x0000000703600000|  0%| F|  |TAMS 0x0000000703500000, 0x0000000703500000| Untracked 
|  14|0x0000000703600000, 0x0000000703600000, 0x0000000703700000|  0%| F|  |TAMS 0x0000000703600000, 0x0000000703600000| Untracked 
|  15|0x0000000703700000, 0x0000000703700000, 0x0000000703800000|  0%| F|  |TAMS 0x0000000703700000, 0x0000000703700000| Untracked 
|  16|0x0000000703800000, 0x0000000703800000, 0x0000000703900000|  0%| F|  |TAMS 0x0000000703800000, 0x0000000703800000| Untracked 
|  17|0x0000000703900000, 0x0000000703900000, 0x0000000703a00000|  0%| F|  |TAMS 0x0000000703900000, 0x0000000703900000| Untracked 
|  18|0x0000000703a00000, 0x0000000703a00000, 0x0000000703b00000|  0%| F|  |TAMS 0x0000000703a00000, 0x0000000703a00000| Untracked 
|  19|0x0000000703b00000, 0x0000000703b00000, 0x0000000703c00000|  0%| F|  |TAMS 0x0000000703b00000, 0x0000000703b00000| Untracked 
|  20|0x0000000703c00000, 0x0000000703c00000, 0x0000000703d00000|  0%| F|  |TAMS 0x0000000703c00000, 0x0000000703c00000| Untracked 
|  21|0x0000000703d00000, 0x0000000703d00000, 0x0000000703e00000|  0%| F|  |TAMS 0x0000000703d00000, 0x0000000703d00000| Untracked 
|  22|0x0000000703e00000, 0x0000000703e00000, 0x0000000703f00000|  0%| F|  |TAMS 0x0000000703e00000, 0x0000000703e00000| Untracked 
|  23|0x0000000703f00000, 0x0000000703f00000, 0x0000000704000000|  0%| F|  |TAMS 0x0000000703f00000, 0x0000000703f00000| Untracked 
|  24|0x0000000704000000, 0x0000000704000000, 0x0000000704100000|  0%| F|  |TAMS 0x0000000704000000, 0x0000000704000000| Untracked 
|  25|0x0000000704100000, 0x0000000704100000, 0x0000000704200000|  0%| F|  |TAMS 0x0000000704100000, 0x0000000704100000| Untracked 
|  26|0x0000000704200000, 0x0000000704200000, 0x0000000704300000|  0%| F|  |TAMS 0x0000000704200000, 0x0000000704200000| Untracked 
|  27|0x0000000704300000, 0x0000000704300000, 0x0000000704400000|  0%| F|  |TAMS 0x0000000704300000, 0x0000000704300000| Untracked 
|  28|0x0000000704400000, 0x0000000704400000, 0x0000000704500000|  0%| F|  |TAMS 0x0000000704400000, 0x0000000704400000| Untracked 
|  29|0x0000000704500000, 0x0000000704500000, 0x0000000704600000|  0%| F|  |TAMS 0x0000000704500000, 0x0000000704500000| Untracked 
|  30|0x0000000704600000, 0x0000000704600000, 0x0000000704700000|  0%| F|  |TAMS 0x0000000704600000, 0x0000000704600000| Untracked 
|  31|0x0000000704700000, 0x0000000704700000, 0x0000000704800000|  0%| F|  |TAMS 0x0000000704700000, 0x0000000704700000| Untracked 
|  32|0x0000000704800000, 0x0000000704800000, 0x0000000704900000|  0%| F|  |TAMS 0x0000000704800000, 0x0000000704800000| Untracked 
|  33|0x0000000704900000, 0x0000000704900000, 0x0000000704a00000|  0%| F|  |TAMS 0x0000000704900000, 0x0000000704900000| Untracked 
|  34|0x0000000704a00000, 0x0000000704a00000, 0x0000000704b00000|  0%| F|  |TAMS 0x0000000704a00000, 0x0000000704a00000| Untracked 
|  35|0x0000000704b00000, 0x0000000704b00000, 0x0000000704c00000|  0%| F|  |TAMS 0x0000000704b00000, 0x0000000704b00000| Untracked 
|  36|0x0000000704c00000, 0x0000000704c00000, 0x0000000704d00000|  0%| F|  |TAMS 0x0000000704c00000, 0x0000000704c00000| Untracked 
|  37|0x0000000704d00000, 0x0000000704d00000, 0x0000000704e00000|  0%| F|  |TAMS 0x0000000704d00000, 0x0000000704d00000| Untracked 
|  38|0x0000000704e00000, 0x0000000704e00000, 0x0000000704f00000|  0%| F|  |TAMS 0x0000000704e00000, 0x0000000704e00000| Untracked 
|  39|0x0000000704f00000, 0x0000000704f00000, 0x0000000705000000|  0%| F|  |TAMS 0x0000000704f00000, 0x0000000704f00000| Untracked 
|  40|0x0000000705000000, 0x0000000705000000, 0x0000000705100000|  0%| F|  |TAMS 0x0000000705000000, 0x0000000705000000| Untracked 
|  41|0x0000000705100000, 0x0000000705100000, 0x0000000705200000|  0%| F|  |TAMS 0x0000000705100000, 0x0000000705100000| Untracked 
|  42|0x0000000705200000, 0x0000000705200000, 0x0000000705300000|  0%| F|  |TAMS 0x0000000705200000, 0x0000000705200000| Untracked 
|  43|0x0000000705300000, 0x0000000705300000, 0x0000000705400000|  0%| F|  |TAMS 0x0000000705300000, 0x0000000705300000| Untracked 
|  44|0x0000000705400000, 0x0000000705400000, 0x0000000705500000|  0%| F|  |TAMS 0x0000000705400000, 0x0000000705400000| Untracked 
|  45|0x0000000705500000, 0x0000000705500000, 0x0000000705600000|  0%| F|  |TAMS 0x0000000705500000, 0x0000000705500000| Untracked 
|  46|0x0000000705600000, 0x0000000705600000, 0x0000000705700000|  0%| F|  |TAMS 0x0000000705600000, 0x0000000705600000| Untracked 
|  47|0x0000000705700000, 0x0000000705700000, 0x0000000705800000|  0%| F|  |TAMS 0x0000000705700000, 0x0000000705700000| Untracked 
|  48|0x0000000705800000, 0x0000000705800000, 0x0000000705900000|  0%| F|  |TAMS 0x0000000705800000, 0x0000000705800000| Untracked 
|  49|0x0000000705900000, 0x0000000705900000, 0x0000000705a00000|  0%| F|  |TAMS 0x0000000705900000, 0x0000000705900000| Untracked 
|  50|0x0000000705a00000, 0x0000000705a00000, 0x0000000705b00000|  0%| F|  |TAMS 0x0000000705a00000, 0x0000000705a00000| Untracked 
|  51|0x0000000705b00000, 0x0000000705b00000, 0x0000000705c00000|  0%| F|  |TAMS 0x0000000705b00000, 0x0000000705b00000| Untracked 
|  52|0x0000000705c00000, 0x0000000705c00000, 0x0000000705d00000|  0%| F|  |TAMS 0x0000000705c00000, 0x0000000705c00000| Untracked 
|  53|0x0000000705d00000, 0x0000000705d00000, 0x0000000705e00000|  0%| F|  |TAMS 0x0000000705d00000, 0x0000000705d00000| Untracked 
|  54|0x0000000705e00000, 0x0000000705e00000, 0x0000000705f00000|  0%| F|  |TAMS 0x0000000705e00000, 0x0000000705e00000| Untracked 
|  55|0x0000000705f00000, 0x0000000705f00000, 0x0000000706000000|  0%| F|  |TAMS 0x0000000705f00000, 0x0000000705f00000| Untracked 
|  56|0x0000000706000000, 0x0000000706000000, 0x0000000706100000|  0%| F|  |TAMS 0x0000000706000000, 0x0000000706000000| Untracked 
|  57|0x0000000706100000, 0x0000000706100000, 0x0000000706200000|  0%| F|  |TAMS 0x0000000706100000, 0x0000000706100000| Untracked 
|  58|0x0000000706200000, 0x0000000706200000, 0x0000000706300000|  0%| F|  |TAMS 0x0000000706200000, 0x0000000706200000| Untracked 
|  59|0x0000000706300000, 0x0000000706300000, 0x0000000706400000|  0%| F|  |TAMS 0x0000000706300000, 0x0000000706300000| Untracked 
|  60|0x0000000706400000, 0x0000000706400000, 0x0000000706500000|  0%| F|  |TAMS 0x0000000706400000, 0x0000000706400000| Untracked 
|  61|0x0000000706500000, 0x0000000706500000, 0x0000000706600000|  0%| F|  |TAMS 0x0000000706500000, 0x0000000706500000| Untracked 
|  62|0x0000000706600000, 0x0000000706600000, 0x0000000706700000|  0%| F|  |TAMS 0x0000000706600000, 0x0000000706600000| Untracked 
|  63|0x0000000706700000, 0x0000000706700000, 0x0000000706800000|  0%| F|  |TAMS 0x0000000706700000, 0x0000000706700000| Untracked 
|  64|0x0000000706800000, 0x0000000706800000, 0x0000000706900000|  0%| F|  |TAMS 0x0000000706800000, 0x0000000706800000| Untracked 
|  65|0x0000000706900000, 0x0000000706900000, 0x0000000706a00000|  0%| F|  |TAMS 0x0000000706900000, 0x0000000706900000| Untracked 
|  66|0x0000000706a00000, 0x0000000706a00000, 0x0000000706b00000|  0%| F|  |TAMS 0x0000000706a00000, 0x0000000706a00000| Untracked 
|  67|0x0000000706b00000, 0x0000000706b00000, 0x0000000706c00000|  0%| F|  |TAMS 0x0000000706b00000, 0x0000000706b00000| Untracked 
|  68|0x0000000706c00000, 0x0000000706c00000, 0x0000000706d00000|  0%| F|  |TAMS 0x0000000706c00000, 0x0000000706c00000| Untracked 
|  69|0x0000000706d00000, 0x0000000706d00000, 0x0000000706e00000|  0%| F|  |TAMS 0x0000000706d00000, 0x0000000706d00000| Untracked 
|  70|0x0000000706e00000, 0x0000000706e00000, 0x0000000706f00000|  0%| F|  |TAMS 0x0000000706e00000, 0x0000000706e00000| Untracked 
|  71|0x0000000706f00000, 0x0000000706f00000, 0x0000000707000000|  0%| F|  |TAMS 0x0000000706f00000, 0x0000000706f00000| Untracked 
|  72|0x0000000707000000, 0x0000000707000000, 0x0000000707100000|  0%| F|  |TAMS 0x0000000707000000, 0x0000000707000000| Untracked 
|  73|0x0000000707100000, 0x0000000707100000, 0x0000000707200000|  0%| F|  |TAMS 0x0000000707100000, 0x0000000707100000| Untracked 
|  74|0x0000000707200000, 0x0000000707200000, 0x0000000707300000|  0%| F|  |TAMS 0x0000000707200000, 0x0000000707200000| Untracked 
|  75|0x0000000707300000, 0x0000000707300000, 0x0000000707400000|  0%| F|  |TAMS 0x0000000707300000, 0x0000000707300000| Untracked 
|  76|0x0000000707400000, 0x0000000707400000, 0x0000000707500000|  0%| F|  |TAMS 0x0000000707400000, 0x0000000707400000| Untracked 
|  77|0x0000000707500000, 0x0000000707500000, 0x0000000707600000|  0%| F|  |TAMS 0x0000000707500000, 0x0000000707500000| Untracked 
|  78|0x0000000707600000, 0x0000000707600000, 0x0000000707700000|  0%| F|  |TAMS 0x0000000707600000, 0x0000000707600000| Untracked 
|  79|0x0000000707700000, 0x0000000707700000, 0x0000000707800000|  0%| F|  |TAMS 0x0000000707700000, 0x0000000707700000| Untracked 
|  80|0x0000000707800000, 0x0000000707800000, 0x0000000707900000|  0%| F|  |TAMS 0x0000000707800000, 0x0000000707800000| Untracked 
|  81|0x0000000707900000, 0x0000000707900000, 0x0000000707a00000|  0%| F|  |TAMS 0x0000000707900000, 0x0000000707900000| Untracked 
|  82|0x0000000707a00000, 0x0000000707a00000, 0x0000000707b00000|  0%| F|  |TAMS 0x0000000707a00000, 0x0000000707a00000| Untracked 
|  83|0x0000000707b00000, 0x0000000707b00000, 0x0000000707c00000|  0%| F|  |TAMS 0x0000000707b00000, 0x0000000707b00000| Untracked 
|  84|0x0000000707c00000, 0x0000000707c00000, 0x0000000707d00000|  0%| F|  |TAMS 0x0000000707c00000, 0x0000000707c00000| Untracked 
|  85|0x0000000707d00000, 0x0000000707d00000, 0x0000000707e00000|  0%| F|  |TAMS 0x0000000707d00000, 0x0000000707d00000| Untracked 
|  86|0x0000000707e00000, 0x0000000707e00000, 0x0000000707f00000|  0%| F|  |TAMS 0x0000000707e00000, 0x0000000707e00000| Untracked 
|  87|0x0000000707f00000, 0x0000000707f00000, 0x0000000708000000|  0%| F|  |TAMS 0x0000000707f00000, 0x0000000707f00000| Untracked 
|  88|0x0000000708000000, 0x0000000708000000, 0x0000000708100000|  0%| F|  |TAMS 0x0000000708000000, 0x0000000708000000| Untracked 
|  89|0x0000000708100000, 0x0000000708100000, 0x0000000708200000|  0%| F|  |TAMS 0x0000000708100000, 0x0000000708100000| Untracked 
|  90|0x0000000708200000, 0x0000000708200000, 0x0000000708300000|  0%| F|  |TAMS 0x0000000708200000, 0x0000000708200000| Untracked 
|  91|0x0000000708300000, 0x0000000708300000, 0x0000000708400000|  0%| F|  |TAMS 0x0000000708300000, 0x0000000708300000| Untracked 
|  92|0x0000000708400000, 0x0000000708400000, 0x0000000708500000|  0%| F|  |TAMS 0x0000000708400000, 0x0000000708400000| Untracked 
|  93|0x0000000708500000, 0x0000000708500000, 0x0000000708600000|  0%| F|  |TAMS 0x0000000708500000, 0x0000000708500000| Untracked 
|  94|0x0000000708600000, 0x0000000708600000, 0x0000000708700000|  0%| F|  |TAMS 0x0000000708600000, 0x0000000708600000| Untracked 
|  95|0x0000000708700000, 0x0000000708700000, 0x0000000708800000|  0%| F|  |TAMS 0x0000000708700000, 0x0000000708700000| Untracked 
|  96|0x0000000708800000, 0x0000000708800000, 0x0000000708900000|  0%| F|  |TAMS 0x0000000708800000, 0x0000000708800000| Untracked 
|  97|0x0000000708900000, 0x0000000708900000, 0x0000000708a00000|  0%| F|  |TAMS 0x0000000708900000, 0x0000000708900000| Untracked 
|  98|0x0000000708a00000, 0x0000000708a00000, 0x0000000708b00000|  0%| F|  |TAMS 0x0000000708a00000, 0x0000000708a00000| Untracked 
|  99|0x0000000708b00000, 0x0000000708b00000, 0x0000000708c00000|  0%| F|  |TAMS 0x0000000708b00000, 0x0000000708b00000| Untracked 
| 100|0x0000000708c00000, 0x0000000708c00000, 0x0000000708d00000|  0%| F|  |TAMS 0x0000000708c00000, 0x0000000708c00000| Untracked 
| 101|0x0000000708d00000, 0x0000000708d00000, 0x0000000708e00000|  0%| F|  |TAMS 0x0000000708d00000, 0x0000000708d00000| Untracked 
| 102|0x0000000708e00000, 0x0000000708e00000, 0x0000000708f00000|  0%| F|  |TAMS 0x0000000708e00000, 0x0000000708e00000| Untracked 
| 103|0x0000000708f00000, 0x0000000708f00000, 0x0000000709000000|  0%| F|  |TAMS 0x0000000708f00000, 0x0000000708f00000| Untracked 
| 104|0x0000000709000000, 0x0000000709000000, 0x0000000709100000|  0%| F|  |TAMS 0x0000000709000000, 0x0000000709000000| Untracked 
| 105|0x0000000709100000, 0x0000000709100000, 0x0000000709200000|  0%| F|  |TAMS 0x0000000709100000, 0x0000000709100000| Untracked 
| 106|0x0000000709200000, 0x0000000709200000, 0x0000000709300000|  0%| F|  |TAMS 0x0000000709200000, 0x0000000709200000| Untracked 
| 107|0x0000000709300000, 0x0000000709300000, 0x0000000709400000|  0%| F|  |TAMS 0x0000000709300000, 0x0000000709300000| Untracked 
| 108|0x0000000709400000, 0x0000000709400000, 0x0000000709500000|  0%| F|  |TAMS 0x0000000709400000, 0x0000000709400000| Untracked 
| 109|0x0000000709500000, 0x0000000709500000, 0x0000000709600000|  0%| F|  |TAMS 0x0000000709500000, 0x0000000709500000| Untracked 
| 110|0x0000000709600000, 0x0000000709600000, 0x0000000709700000|  0%| F|  |TAMS 0x0000000709600000, 0x0000000709600000| Untracked 
| 111|0x0000000709700000, 0x0000000709700000, 0x0000000709800000|  0%| F|  |TAMS 0x0000000709700000, 0x0000000709700000| Untracked 
| 112|0x0000000709800000, 0x0000000709800000, 0x0000000709900000|  0%| F|  |TAMS 0x0000000709800000, 0x0000000709800000| Untracked 
| 113|0x0000000709900000, 0x0000000709900000, 0x0000000709a00000|  0%| F|  |TAMS 0x0000000709900000, 0x0000000709900000| Untracked 
| 114|0x0000000709a00000, 0x0000000709a00000, 0x0000000709b00000|  0%| F|  |TAMS 0x0000000709a00000, 0x0000000709a00000| Untracked 
| 115|0x0000000709b00000, 0x0000000709b00000, 0x0000000709c00000|  0%| F|  |TAMS 0x0000000709b00000, 0x0000000709b00000| Untracked 
| 116|0x0000000709c00000, 0x0000000709c00000, 0x0000000709d00000|  0%| F|  |TAMS 0x0000000709c00000, 0x0000000709c00000| Untracked 
| 117|0x0000000709d00000, 0x0000000709d00000, 0x0000000709e00000|  0%| F|  |TAMS 0x0000000709d00000, 0x0000000709d00000| Untracked 
| 118|0x0000000709e00000, 0x0000000709e00000, 0x0000000709f00000|  0%| F|  |TAMS 0x0000000709e00000, 0x0000000709e00000| Untracked 
| 119|0x0000000709f00000, 0x0000000709f00000, 0x000000070a000000|  0%| F|  |TAMS 0x0000000709f00000, 0x0000000709f00000| Untracked 
| 120|0x000000070a000000, 0x000000070a000000, 0x000000070a100000|  0%| F|  |TAMS 0x000000070a000000, 0x000000070a000000| Untracked 
| 121|0x000000070a100000, 0x000000070a100000, 0x000000070a200000|  0%| F|  |TAMS 0x000000070a100000, 0x000000070a100000| Untracked 
| 122|0x000000070a200000, 0x000000070a200000, 0x000000070a300000|  0%| F|  |TAMS 0x000000070a200000, 0x000000070a200000| Untracked 
| 123|0x000000070a300000, 0x000000070a300000, 0x000000070a400000|  0%| F|  |TAMS 0x000000070a300000, 0x000000070a300000| Untracked 
| 124|0x000000070a400000, 0x000000070a400000, 0x000000070a500000|  0%| F|  |TAMS 0x000000070a400000, 0x000000070a400000| Untracked 
| 125|0x000000070a500000, 0x000000070a500000, 0x000000070a600000|  0%| F|  |TAMS 0x000000070a500000, 0x000000070a500000| Untracked 
| 126|0x000000070a600000, 0x000000070a600000, 0x000000070a700000|  0%| F|  |TAMS 0x000000070a600000, 0x000000070a600000| Untracked 
| 127|0x000000070a700000, 0x000000070a700000, 0x000000070a800000|  0%| F|  |TAMS 0x000000070a700000, 0x000000070a700000| Untracked 
| 128|0x000000070a800000, 0x000000070a800000, 0x000000070a900000|  0%| F|  |TAMS 0x000000070a800000, 0x000000070a800000| Untracked 
| 129|0x000000070a900000, 0x000000070a900000, 0x000000070aa00000|  0%| F|  |TAMS 0x000000070a900000, 0x000000070a900000| Untracked 
| 130|0x000000070aa00000, 0x000000070aa00000, 0x000000070ab00000|  0%| F|  |TAMS 0x000000070aa00000, 0x000000070aa00000| Untracked 
| 131|0x000000070ab00000, 0x000000070ab00000, 0x000000070ac00000|  0%| F|  |TAMS 0x000000070ab00000, 0x000000070ab00000| Untracked 
| 132|0x000000070ac00000, 0x000000070ac00000, 0x000000070ad00000|  0%| F|  |TAMS 0x000000070ac00000, 0x000000070ac00000| Untracked 
| 133|0x000000070ad00000, 0x000000070ad00000, 0x000000070ae00000|  0%| F|  |TAMS 0x000000070ad00000, 0x000000070ad00000| Untracked 
| 134|0x000000070ae00000, 0x000000070ae00000, 0x000000070af00000|  0%| F|  |TAMS 0x000000070ae00000, 0x000000070ae00000| Untracked 
| 135|0x000000070af00000, 0x000000070af00000, 0x000000070b000000|  0%| F|  |TAMS 0x000000070af00000, 0x000000070af00000| Untracked 
| 136|0x000000070b000000, 0x000000070b000000, 0x000000070b100000|  0%| F|  |TAMS 0x000000070b000000, 0x000000070b000000| Untracked 
| 137|0x000000070b100000, 0x000000070b100000, 0x000000070b200000|  0%| F|  |TAMS 0x000000070b100000, 0x000000070b100000| Untracked 
| 138|0x000000070b200000, 0x000000070b200000, 0x000000070b300000|  0%| F|  |TAMS 0x000000070b200000, 0x000000070b200000| Untracked 
| 139|0x000000070b300000, 0x000000070b300000, 0x000000070b400000|  0%| F|  |TAMS 0x000000070b300000, 0x000000070b300000| Untracked 
| 140|0x000000070b400000, 0x000000070b400000, 0x000000070b500000|  0%| F|  |TAMS 0x000000070b400000, 0x000000070b400000| Untracked 
| 141|0x000000070b500000, 0x000000070b500000, 0x000000070b600000|  0%| F|  |TAMS 0x000000070b500000, 0x000000070b500000| Untracked 
| 142|0x000000070b600000, 0x000000070b600000, 0x000000070b700000|  0%| F|  |TAMS 0x000000070b600000, 0x000000070b600000| Untracked 
| 143|0x000000070b700000, 0x000000070b700000, 0x000000070b800000|  0%| F|  |TAMS 0x000000070b700000, 0x000000070b700000| Untracked 
| 144|0x000000070b800000, 0x000000070b800000, 0x000000070b900000|  0%| F|  |TAMS 0x000000070b800000, 0x000000070b800000| Untracked 
| 145|0x000000070b900000, 0x000000070b900000, 0x000000070ba00000|  0%| F|  |TAMS 0x000000070b900000, 0x000000070b900000| Untracked 
| 146|0x000000070ba00000, 0x000000070ba00000, 0x000000070bb00000|  0%| F|  |TAMS 0x000000070ba00000, 0x000000070ba00000| Untracked 
| 147|0x000000070bb00000, 0x000000070bb00000, 0x000000070bc00000|  0%| F|  |TAMS 0x000000070bb00000, 0x000000070bb00000| Untracked 
| 148|0x000000070bc00000, 0x000000070bc00000, 0x000000070bd00000|  0%| F|  |TAMS 0x000000070bc00000, 0x000000070bc00000| Untracked 
| 149|0x000000070bd00000, 0x000000070bd00000, 0x000000070be00000|  0%| F|  |TAMS 0x000000070bd00000, 0x000000070bd00000| Untracked 
| 150|0x000000070be00000, 0x000000070be00000, 0x000000070bf00000|  0%| F|  |TAMS 0x000000070be00000, 0x000000070be00000| Untracked 
| 151|0x000000070bf00000, 0x000000070bf00000, 0x000000070c000000|  0%| F|  |TAMS 0x000000070bf00000, 0x000000070bf00000| Untracked 
| 152|0x000000070c000000, 0x000000070c000000, 0x000000070c100000|  0%| F|  |TAMS 0x000000070c000000, 0x000000070c000000| Untracked 
| 153|0x000000070c100000, 0x000000070c100000, 0x000000070c200000|  0%| F|  |TAMS 0x000000070c100000, 0x000000070c100000| Untracked 
| 154|0x000000070c200000, 0x000000070c200000, 0x000000070c300000|  0%| F|  |TAMS 0x000000070c200000, 0x000000070c200000| Untracked 
| 155|0x000000070c300000, 0x000000070c300000, 0x000000070c400000|  0%| F|  |TAMS 0x000000070c300000, 0x000000070c300000| Untracked 
| 156|0x000000070c400000, 0x000000070c400000, 0x000000070c500000|  0%| F|  |TAMS 0x000000070c400000, 0x000000070c400000| Untracked 
| 157|0x000000070c500000, 0x000000070c500000, 0x000000070c600000|  0%| F|  |TAMS 0x000000070c500000, 0x000000070c500000| Untracked 
| 158|0x000000070c600000, 0x000000070c600000, 0x000000070c700000|  0%| F|  |TAMS 0x000000070c600000, 0x000000070c600000| Untracked 
| 159|0x000000070c700000, 0x000000070c700000, 0x000000070c800000|  0%| F|  |TAMS 0x000000070c700000, 0x000000070c700000| Untracked 
| 160|0x000000070c800000, 0x000000070c800000, 0x000000070c900000|  0%| F|  |TAMS 0x000000070c800000, 0x000000070c800000| Untracked 
| 161|0x000000070c900000, 0x000000070c900000, 0x000000070ca00000|  0%| F|  |TAMS 0x000000070c900000, 0x000000070c900000| Untracked 
| 162|0x000000070ca00000, 0x000000070ca00000, 0x000000070cb00000|  0%| F|  |TAMS 0x000000070ca00000, 0x000000070ca00000| Untracked 
| 163|0x000000070cb00000, 0x000000070cb00000, 0x000000070cc00000|  0%| F|  |TAMS 0x000000070cb00000, 0x000000070cb00000| Untracked 
| 164|0x000000070cc00000, 0x000000070cc00000, 0x000000070cd00000|  0%| F|  |TAMS 0x000000070cc00000, 0x000000070cc00000| Untracked 
| 165|0x000000070cd00000, 0x000000070cd00000, 0x000000070ce00000|  0%| F|  |TAMS 0x000000070cd00000, 0x000000070cd00000| Untracked 
| 166|0x000000070ce00000, 0x000000070ce00000, 0x000000070cf00000|  0%| F|  |TAMS 0x000000070ce00000, 0x000000070ce00000| Untracked 
| 167|0x000000070cf00000, 0x000000070cf00000, 0x000000070d000000|  0%| F|  |TAMS 0x000000070cf00000, 0x000000070cf00000| Untracked 
| 168|0x000000070d000000, 0x000000070d000000, 0x000000070d100000|  0%| F|  |TAMS 0x000000070d000000, 0x000000070d000000| Untracked 
| 169|0x000000070d100000, 0x000000070d100000, 0x000000070d200000|  0%| F|  |TAMS 0x000000070d100000, 0x000000070d100000| Untracked 
| 170|0x000000070d200000, 0x000000070d200000, 0x000000070d300000|  0%| F|  |TAMS 0x000000070d200000, 0x000000070d200000| Untracked 
| 171|0x000000070d300000, 0x000000070d300000, 0x000000070d400000|  0%| F|  |TAMS 0x000000070d300000, 0x000000070d300000| Untracked 
| 172|0x000000070d400000, 0x000000070d400000, 0x000000070d500000|  0%| F|  |TAMS 0x000000070d400000, 0x000000070d400000| Untracked 
| 173|0x000000070d500000, 0x000000070d500000, 0x000000070d600000|  0%| F|  |TAMS 0x000000070d500000, 0x000000070d500000| Untracked 
| 174|0x000000070d600000, 0x000000070d600000, 0x000000070d700000|  0%| F|  |TAMS 0x000000070d600000, 0x000000070d600000| Untracked 
| 175|0x000000070d700000, 0x000000070d700000, 0x000000070d800000|  0%| F|  |TAMS 0x000000070d700000, 0x000000070d700000| Untracked 
| 176|0x000000070d800000, 0x000000070d800000, 0x000000070d900000|  0%| F|  |TAMS 0x000000070d800000, 0x000000070d800000| Untracked 
| 177|0x000000070d900000, 0x000000070d900000, 0x000000070da00000|  0%| F|  |TAMS 0x000000070d900000, 0x000000070d900000| Untracked 
| 178|0x000000070da00000, 0x000000070da00000, 0x000000070db00000|  0%| F|  |TAMS 0x000000070da00000, 0x000000070da00000| Untracked 
| 179|0x000000070db00000, 0x000000070db00000, 0x000000070dc00000|  0%| F|  |TAMS 0x000000070db00000, 0x000000070db00000| Untracked 
| 180|0x000000070dc00000, 0x000000070dc00000, 0x000000070dd00000|  0%| F|  |TAMS 0x000000070dc00000, 0x000000070dc00000| Untracked 
| 181|0x000000070dd00000, 0x000000070dd00000, 0x000000070de00000|  0%| F|  |TAMS 0x000000070dd00000, 0x000000070dd00000| Untracked 
| 182|0x000000070de00000, 0x000000070de00000, 0x000000070df00000|  0%| F|  |TAMS 0x000000070de00000, 0x000000070de00000| Untracked 
| 183|0x000000070df00000, 0x000000070df00000, 0x000000070e000000|  0%| F|  |TAMS 0x000000070df00000, 0x000000070df00000| Untracked 
| 184|0x000000070e000000, 0x000000070e000000, 0x000000070e100000|  0%| F|  |TAMS 0x000000070e000000, 0x000000070e000000| Untracked 
| 185|0x000000070e100000, 0x000000070e100000, 0x000000070e200000|  0%| F|  |TAMS 0x000000070e100000, 0x000000070e100000| Untracked 
| 186|0x000000070e200000, 0x000000070e200000, 0x000000070e300000|  0%| F|  |TAMS 0x000000070e200000, 0x000000070e200000| Untracked 
| 187|0x000000070e300000, 0x000000070e300000, 0x000000070e400000|  0%| F|  |TAMS 0x000000070e300000, 0x000000070e300000| Untracked 
| 188|0x000000070e400000, 0x000000070e400000, 0x000000070e500000|  0%| F|  |TAMS 0x000000070e400000, 0x000000070e400000| Untracked 
| 189|0x000000070e500000, 0x000000070e500000, 0x000000070e600000|  0%| F|  |TAMS 0x000000070e500000, 0x000000070e500000| Untracked 
| 190|0x000000070e600000, 0x000000070e600000, 0x000000070e700000|  0%| F|  |TAMS 0x000000070e600000, 0x000000070e600000| Untracked 
| 191|0x000000070e700000, 0x000000070e700000, 0x000000070e800000|  0%| F|  |TAMS 0x000000070e700000, 0x000000070e700000| Untracked 
| 192|0x000000070e800000, 0x000000070e800000, 0x000000070e900000|  0%| F|  |TAMS 0x000000070e800000, 0x000000070e800000| Untracked 
| 193|0x000000070e900000, 0x000000070e900000, 0x000000070ea00000|  0%| F|  |TAMS 0x000000070e900000, 0x000000070e900000| Untracked 
| 194|0x000000070ea00000, 0x000000070ea00000, 0x000000070eb00000|  0%| F|  |TAMS 0x000000070ea00000, 0x000000070ea00000| Untracked 
| 195|0x000000070eb00000, 0x000000070eb00000, 0x000000070ec00000|  0%| F|  |TAMS 0x000000070eb00000, 0x000000070eb00000| Untracked 
| 196|0x000000070ec00000, 0x000000070ec00000, 0x000000070ed00000|  0%| F|  |TAMS 0x000000070ec00000, 0x000000070ec00000| Untracked 
| 197|0x000000070ed00000, 0x000000070ed00000, 0x000000070ee00000|  0%| F|  |TAMS 0x000000070ed00000, 0x000000070ed00000| Untracked 
| 198|0x000000070ee00000, 0x000000070ee00000, 0x000000070ef00000|  0%| F|  |TAMS 0x000000070ee00000, 0x000000070ee00000| Untracked 
| 199|0x000000070ef00000, 0x000000070ef00000, 0x000000070f000000|  0%| F|  |TAMS 0x000000070ef00000, 0x000000070ef00000| Untracked 
| 200|0x000000070f000000, 0x000000070f000000, 0x000000070f100000|  0%| F|  |TAMS 0x000000070f000000, 0x000000070f000000| Untracked 
| 201|0x000000070f100000, 0x000000070f100000, 0x000000070f200000|  0%| F|  |TAMS 0x000000070f100000, 0x000000070f100000| Untracked 
| 202|0x000000070f200000, 0x000000070f200000, 0x000000070f300000|  0%| F|  |TAMS 0x000000070f200000, 0x000000070f200000| Untracked 
| 203|0x000000070f300000, 0x000000070f300000, 0x000000070f400000|  0%| F|  |TAMS 0x000000070f300000, 0x000000070f300000| Untracked 
| 204|0x000000070f400000, 0x000000070f400000, 0x000000070f500000|  0%| F|  |TAMS 0x000000070f400000, 0x000000070f400000| Untracked 
| 205|0x000000070f500000, 0x000000070f500000, 0x000000070f600000|  0%| F|  |TAMS 0x000000070f500000, 0x000000070f500000| Untracked 
| 206|0x000000070f600000, 0x000000070f600000, 0x000000070f700000|  0%| F|  |TAMS 0x000000070f600000, 0x000000070f600000| Untracked 
| 207|0x000000070f700000, 0x000000070f700000, 0x000000070f800000|  0%| F|  |TAMS 0x000000070f700000, 0x000000070f700000| Untracked 
| 208|0x000000070f800000, 0x000000070f800000, 0x000000070f900000|  0%| F|  |TAMS 0x000000070f800000, 0x000000070f800000| Untracked 
| 209|0x000000070f900000, 0x000000070f900000, 0x000000070fa00000|  0%| F|  |TAMS 0x000000070f900000, 0x000000070f900000| Untracked 
| 210|0x000000070fa00000, 0x000000070fa00000, 0x000000070fb00000|  0%| F|  |TAMS 0x000000070fa00000, 0x000000070fa00000| Untracked 
| 211|0x000000070fb00000, 0x000000070fb00000, 0x000000070fc00000|  0%| F|  |TAMS 0x000000070fb00000, 0x000000070fb00000| Untracked 
| 212|0x000000070fc00000, 0x000000070fc00000, 0x000000070fd00000|  0%| F|  |TAMS 0x000000070fc00000, 0x000000070fc00000| Untracked 
| 213|0x000000070fd00000, 0x000000070fd00000, 0x000000070fe00000|  0%| F|  |TAMS 0x000000070fd00000, 0x000000070fd00000| Untracked 
| 214|0x000000070fe00000, 0x000000070fe00000, 0x000000070ff00000|  0%| F|  |TAMS 0x000000070fe00000, 0x000000070fe00000| Untracked 
| 215|0x000000070ff00000, 0x000000070ff00000, 0x0000000710000000|  0%| F|  |TAMS 0x000000070ff00000, 0x000000070ff00000| Untracked 
| 216|0x0000000710000000, 0x0000000710000000, 0x0000000710100000|  0%| F|  |TAMS 0x0000000710000000, 0x0000000710000000| Untracked 
| 217|0x0000000710100000, 0x0000000710100000, 0x0000000710200000|  0%| F|  |TAMS 0x0000000710100000, 0x0000000710100000| Untracked 
| 218|0x0000000710200000, 0x0000000710200000, 0x0000000710300000|  0%| F|  |TAMS 0x0000000710200000, 0x0000000710200000| Untracked 
| 219|0x0000000710300000, 0x0000000710300000, 0x0000000710400000|  0%| F|  |TAMS 0x0000000710300000, 0x0000000710300000| Untracked 
| 220|0x0000000710400000, 0x0000000710400000, 0x0000000710500000|  0%| F|  |TAMS 0x0000000710400000, 0x0000000710400000| Untracked 
| 221|0x0000000710500000, 0x0000000710500000, 0x0000000710600000|  0%| F|  |TAMS 0x0000000710500000, 0x0000000710500000| Untracked 
| 222|0x0000000710600000, 0x0000000710600000, 0x0000000710700000|  0%| F|  |TAMS 0x0000000710600000, 0x0000000710600000| Untracked 
| 223|0x0000000710700000, 0x0000000710700000, 0x0000000710800000|  0%| F|  |TAMS 0x0000000710700000, 0x0000000710700000| Untracked 
| 224|0x0000000710800000, 0x0000000710800000, 0x0000000710900000|  0%| F|  |TAMS 0x0000000710800000, 0x0000000710800000| Untracked 
| 225|0x0000000710900000, 0x0000000710900000, 0x0000000710a00000|  0%| F|  |TAMS 0x0000000710900000, 0x0000000710900000| Untracked 
| 226|0x0000000710a00000, 0x0000000710a00000, 0x0000000710b00000|  0%| F|  |TAMS 0x0000000710a00000, 0x0000000710a00000| Untracked 
| 227|0x0000000710b00000, 0x0000000710b00000, 0x0000000710c00000|  0%| F|  |TAMS 0x0000000710b00000, 0x0000000710b00000| Untracked 
| 228|0x0000000710c00000, 0x0000000710c00000, 0x0000000710d00000|  0%| F|  |TAMS 0x0000000710c00000, 0x0000000710c00000| Untracked 
| 229|0x0000000710d00000, 0x0000000710d00000, 0x0000000710e00000|  0%| F|  |TAMS 0x0000000710d00000, 0x0000000710d00000| Untracked 
| 230|0x0000000710e00000, 0x0000000710e00000, 0x0000000710f00000|  0%| F|  |TAMS 0x0000000710e00000, 0x0000000710e00000| Untracked 
| 231|0x0000000710f00000, 0x0000000710f00000, 0x0000000711000000|  0%| F|  |TAMS 0x0000000710f00000, 0x0000000710f00000| Untracked 
| 232|0x0000000711000000, 0x0000000711000000, 0x0000000711100000|  0%| F|  |TAMS 0x0000000711000000, 0x0000000711000000| Untracked 
| 233|0x0000000711100000, 0x0000000711100000, 0x0000000711200000|  0%| F|  |TAMS 0x0000000711100000, 0x0000000711100000| Untracked 
| 234|0x0000000711200000, 0x0000000711200000, 0x0000000711300000|  0%| F|  |TAMS 0x0000000711200000, 0x0000000711200000| Untracked 
| 235|0x0000000711300000, 0x0000000711300000, 0x0000000711400000|  0%| F|  |TAMS 0x0000000711300000, 0x0000000711300000| Untracked 
| 236|0x0000000711400000, 0x0000000711400000, 0x0000000711500000|  0%| F|  |TAMS 0x0000000711400000, 0x0000000711400000| Untracked 
| 237|0x0000000711500000, 0x0000000711500000, 0x0000000711600000|  0%| F|  |TAMS 0x0000000711500000, 0x0000000711500000| Untracked 
| 238|0x0000000711600000, 0x0000000711600000, 0x0000000711700000|  0%| F|  |TAMS 0x0000000711600000, 0x0000000711600000| Untracked 
| 239|0x0000000711700000, 0x0000000711700000, 0x0000000711800000|  0%| F|  |TAMS 0x0000000711700000, 0x0000000711700000| Untracked 
| 240|0x0000000711800000, 0x0000000711800000, 0x0000000711900000|  0%| F|  |TAMS 0x0000000711800000, 0x0000000711800000| Untracked 
| 241|0x0000000711900000, 0x0000000711900000, 0x0000000711a00000|  0%| F|  |TAMS 0x0000000711900000, 0x0000000711900000| Untracked 
| 242|0x0000000711a00000, 0x0000000711a00000, 0x0000000711b00000|  0%| F|  |TAMS 0x0000000711a00000, 0x0000000711a00000| Untracked 
| 243|0x0000000711b00000, 0x0000000711b00000, 0x0000000711c00000|  0%| F|  |TAMS 0x0000000711b00000, 0x0000000711b00000| Untracked 
| 244|0x0000000711c00000, 0x0000000711c00000, 0x0000000711d00000|  0%| F|  |TAMS 0x0000000711c00000, 0x0000000711c00000| Untracked 
| 245|0x0000000711d00000, 0x0000000711d00000, 0x0000000711e00000|  0%| F|  |TAMS 0x0000000711d00000, 0x0000000711d00000| Untracked 
| 246|0x0000000711e00000, 0x0000000711e00000, 0x0000000711f00000|  0%| F|  |TAMS 0x0000000711e00000, 0x0000000711e00000| Untracked 
| 247|0x0000000711f00000, 0x0000000711f00000, 0x0000000712000000|  0%| F|  |TAMS 0x0000000711f00000, 0x0000000711f00000| Untracked 
| 248|0x0000000712000000, 0x0000000712000000, 0x0000000712100000|  0%| F|  |TAMS 0x0000000712000000, 0x0000000712000000| Untracked 
| 249|0x0000000712100000, 0x0000000712100000, 0x0000000712200000|  0%| F|  |TAMS 0x0000000712100000, 0x0000000712100000| Untracked 
| 250|0x0000000712200000, 0x0000000712300000, 0x0000000712300000|100%| E|  |TAMS 0x0000000712200000, 0x0000000712200000| Complete 
| 251|0x0000000712300000, 0x0000000712400000, 0x0000000712400000|100%| E|CS|TAMS 0x0000000712300000, 0x0000000712300000| Complete 
| 252|0x0000000712400000, 0x0000000712500000, 0x0000000712500000|100%| E|CS|TAMS 0x0000000712400000, 0x0000000712400000| Complete 
| 253|0x0000000712500000, 0x0000000712600000, 0x0000000712600000|100%| E|CS|TAMS 0x0000000712500000, 0x0000000712500000| Complete 

Card table byte_map: [0x000002386bea0000,0x000002386c690000] _byte_map_base: 0x000002386868c000

Marking Bits (Prev, Next): (CMBitMap*) 0x0000023856a40398, (CMBitMap*) 0x0000023856a403d0
 Prev Bits: [0x000002386ce80000, 0x0000023870de0000)
 Next Bits: [0x0000023870de0000, 0x0000023874d40000)

Polling page: 0x0000023856840000

Metaspace:

Usage:
  Non-class:      5.41 MB capacity,     5.32 MB ( 98%) used,    90.23 KB (  2%) free+waste,     2.06 KB ( <1%) overhead. 
      Class:    561.00 KB capacity,   532.40 KB ( 95%) used,    27.66 KB (  5%) free+waste,   960 bytes ( <1%) overhead. 
       Both:      5.96 MB capacity,     5.84 MB ( 98%) used,   117.90 KB (  2%) free+waste,     3.00 KB ( <1%) overhead. 

Virtual space:
  Non-class space:        8.00 MB reserved,       5.50 MB ( 69%) committed 
      Class space:        1.00 GB reserved,     640.00 KB ( <1%) committed 
             Both:        1.01 GB reserved,       6.13 MB ( <1%) committed 

Chunk freelists:
   Non-Class:  30.00 KB
       Class:  15.00 KB
        Both:  45.00 KB

MaxMetaspaceSize: 17179869184.00 GB
CompressedClassSpaceSize: 1.00 GB

CodeHeap 'non-profiled nmethods': size=120000Kb used=34Kb max_used=34Kb free=119965Kb
 bounds [0x0000023863500000, 0x0000023863770000, 0x000002386aa30000]
CodeHeap 'profiled nmethods': size=120000Kb used=204Kb max_used=204Kb free=119795Kb
 bounds [0x000002385bfd0000, 0x000002385c240000, 0x0000023863500000]
CodeHeap 'non-nmethods': size=5760Kb used=1049Kb max_used=1061Kb free=4710Kb
 bounds [0x000002385ba30000, 0x000002385bca0000, 0x000002385bfd0000]
 total_blobs=492 nmethods=162 adapters=242
 compilation: enabled
              stopped_count=0, restarted_count=0
 full_count=0

Compilation events (20 events):
Event: 0.114 Thread 0x00000238783f7000 nmethod 151 0x000002385bfff990 code [0x000002385bfffb60, 0x000002385bfffdb8]
Event: 0.114 Thread 0x00000238783f7000  154       3       java.util.Arrays::copyOf (19 bytes)
Event: 0.115 Thread 0x00000238783f7000 nmethod 154 0x000002385bfffe90 code [0x000002385c000060, 0x000002385c000348]
Event: 0.115 Thread 0x00000238783f7000  156       3       java.lang.Character::toUpperCaseEx (30 bytes)
Event: 0.115 Thread 0x00000238783f7000 nmethod 156 0x000002385c000490 code [0x000002385c000660, 0x000002385c000858]
Event: 0.115 Thread 0x00000238783f7000  157       3       java.lang.CharacterDataLatin1::toUpperCaseEx (71 bytes)
Event: 0.115 Thread 0x00000238783f7000 nmethod 157 0x000002385c000910 code [0x000002385c000ae0, 0x000002385c000d98]
Event: 0.115 Thread 0x00000238783f7000  158       3       java.util.jar.Manifest$FastInputStream::readLine (296 bytes)
Event: 0.116 Thread 0x00000238783f7000 nmethod 158 0x000002385c000f10 code [0x000002385c001140, 0x000002385c001a28]
Event: 0.116 Thread 0x00000238783f7000  159       3       java.util.jar.Manifest$FastInputStream::readLine (9 bytes)
Event: 0.116 Thread 0x00000238783f4800 nmethod 153 0x0000023863508310 code [0x00000238635084a0, 0x0000023863508698]
Event: 0.116 Thread 0x00000238783f7000 nmethod 159 0x000002385c001d90 code [0x000002385c001f40, 0x000002385c002088]
Event: 0.116 Thread 0x00000238783f4800  155       4       java.lang.Object::<init> (1 bytes)
Event: 0.116 Thread 0x00000238783f7000  160       3       java.util.jar.Manifest$FastInputStream::peek (38 bytes)
Event: 0.116 Thread 0x00000238783f7000 nmethod 160 0x000002385c002190 code [0x000002385c002360, 0x000002385c002568]
Event: 0.117 Thread 0x00000238783f4800 nmethod 155 0x0000023863508810 code [0x00000238635089a0, 0x0000023863508a38]
Event: 0.117 Thread 0x00000238783f7000  161       3       java.lang.AbstractStringBuilder::<init> (39 bytes)
Event: 0.117 Thread 0x00000238783f7000 nmethod 161 0x000002385c002690 code [0x000002385c002840, 0x000002385c002ad8]
Event: 0.117 Thread 0x00000238783f7000  162       3       java.lang.StringBuilder::toString (35 bytes)
Event: 0.117 Thread 0x00000238783f7000 nmethod 162 0x000002385c002b90 code [0x000002385c002d80, 0x000002385c003238]

GC Heap History (0 events):
No events

Deoptimization events (0 events):
No events

Classes redefined (0 events):
No events

Internal exceptions (0 events):
No events

Events (20 events):
Event: 0.114 loading class org/apache/xmlrpc/XmlRpcClientResponseProcessor done
Event: 0.114 loading class org/apache/xmlrpc/XmlRpcClientRequestProcessor
Event: 0.114 loading class org/apache/xmlrpc/XmlRpcClientRequestProcessor done
Event: 0.114 loading class org/apache/xmlrpc/XmlWriter
Event: 0.114 loading class org/apache/xmlrpc/XmlWriter done
Event: 0.115 loading class java/io/ByteArrayOutputStream
Event: 0.115 loading class java/io/ByteArrayOutputStream done
Event: 0.115 loading class org/apache/xmlrpc/DefaultTypeFactory
Event: 0.115 loading class org/apache/xmlrpc/DefaultTypeFactory done
Event: 0.115 loading class java/text/ParseException
Event: 0.115 loading class java/text/ParseException done
Event: 0.115 loading class org/apache/commons/codec/DecoderException
Event: 0.115 loading class org/apache/commons/codec/DecoderException done
Event: 0.117 loading class org/apache/xmlrpc/util/DateTool
Event: 0.117 loading class org/apache/xmlrpc/util/DateTool done
Event: 0.117 loading class java/text/DateFormat
Event: 0.117 loading class java/text/Format
Event: 0.117 loading class java/text/Format done
Event: 0.117 loading class java/text/DateFormat done
Event: 0.117 loading class java/text/SimpleDateFormat


Dynamic libraries:
0x00007ff673240000 - 0x00007ff67324a000 	D:\PhpStorm 2020.2.1\jbr\bin\java.exe
0x00007ff94f210000 - 0x00007ff94f406000 	C:\Windows\SYSTEM32\ntdll.dll
0x00007ff94e7e0000 - 0x00007ff94e89d000 	C:\Windows\System32\KERNEL32.DLL
0x00007ff94cbe0000 - 0x00007ff94cea9000 	C:\Windows\System32\KERNELBASE.dll
0x00007ff94d120000 - 0x00007ff94d220000 	C:\Windows\System32\ucrtbase.dll
0x00007ff943ed0000 - 0x00007ff943ee9000 	D:\PhpStorm 2020.2.1\jbr\bin\jli.dll
0x00007ff943e50000 - 0x00007ff943e67000 	D:\PhpStorm 2020.2.1\jbr\bin\VCRUNTIME140.dll
0x00007ff94d590000 - 0x00007ff94d730000 	C:\Windows\System32\USER32.dll
0x00007ff94ceb0000 - 0x00007ff94ced2000 	C:\Windows\System32\win32u.dll
0x00007ff937150000 - 0x00007ff9373eb000 	C:\Windows\WinSxS\amd64_microsoft.windows.common-controls_6595b64144ccf1df_6.0.19041.746_none_ca02b4b61b8320a4\COMCTL32.dll
0x00007ff94e100000 - 0x00007ff94e12a000 	C:\Windows\System32\GDI32.dll
0x00007ff94d730000 - 0x00007ff94d7ce000 	C:\Windows\System32\msvcrt.dll
0x00007ff94ca70000 - 0x00007ff94cb7b000 	C:\Windows\System32\gdi32full.dll
0x00007ff94c9d0000 - 0x00007ff94ca6d000 	C:\Windows\System32\msvcp_win.dll
0x00007ff94ed10000 - 0x00007ff94ed40000 	C:\Windows\System32\IMM32.DLL
0x00007ff918ec0000 - 0x00007ff918f5d000 	D:\PhpStorm 2020.2.1\jbr\bin\msvcp140.dll
0x00007ff900be0000 - 0x00007ff90169d000 	D:\PhpStorm 2020.2.1\jbr\bin\server\jvm.dll
0x00007ff94e6a0000 - 0x00007ff94e74c000 	C:\Windows\System32\ADVAPI32.dll
0x00007ff94e050000 - 0x00007ff94e0ec000 	C:\Windows\System32\sechost.dll
0x00007ff94d7d0000 - 0x00007ff94d8fb000 	C:\Windows\System32\RPCRT4.dll
0x00007ff94d270000 - 0x00007ff94d278000 	C:\Windows\System32\PSAPI.DLL
0x00007ff9396a0000 - 0x00007ff9396c7000 	C:\Windows\SYSTEM32\WINMM.dll
0x00007ff944fc0000 - 0x00007ff944fca000 	C:\Windows\SYSTEM32\VERSION.dll
0x00007ff946c40000 - 0x00007ff946c49000 	C:\Windows\SYSTEM32\WSOCK32.dll
0x00007ff94e770000 - 0x00007ff94e7db000 	C:\Windows\System32\WS2_32.dll
0x00007ff94b1e0000 - 0x00007ff94b1f2000 	C:\Windows\SYSTEM32\kernel.appcore.dll
0x00007ff93cfd0000 - 0x00007ff93cfe1000 	D:\PhpStorm 2020.2.1\jbr\bin\verify.dll
0x00007ff94a650000 - 0x00007ff94a834000 	C:\Windows\SYSTEM32\DBGHELP.DLL
0x00007ff935650000 - 0x00007ff93567c000 	C:\Windows\SYSTEM32\dbgcore.DLL
0x00007ff94c950000 - 0x00007ff94c9d0000 	C:\Windows\System32\bcryptPrimitives.dll
0x00007ff93aca0000 - 0x00007ff93acc9000 	D:\PhpStorm 2020.2.1\jbr\bin\java.dll
0x00007ff93d090000 - 0x00007ff93d09b000 	D:\PhpStorm 2020.2.1\jbr\bin\jimage.dll
0x00007ff93cfb0000 - 0x00007ff93cfc8000 	D:\PhpStorm 2020.2.1\jbr\bin\zip.dll
0x00007ff94d900000 - 0x00007ff94e042000 	C:\Windows\System32\SHELL32.dll
0x00007ff94a840000 - 0x00007ff94afd0000 	C:\Windows\SYSTEM32\windows.storage.dll
0x00007ff94e340000 - 0x00007ff94e696000 	C:\Windows\System32\combase.dll
0x00007ff94c2e0000 - 0x00007ff94c30c000 	C:\Windows\SYSTEM32\Wldp.dll
0x00007ff94d400000 - 0x00007ff94d4ae000 	C:\Windows\System32\SHCORE.dll
0x00007ff94e130000 - 0x00007ff94e185000 	C:\Windows\System32\shlwapi.dll
0x00007ff94c880000 - 0x00007ff94c8a6000 	C:\Windows\SYSTEM32\profapi.dll
0x00007ff92b3b0000 - 0x00007ff92b3ca000 	D:\PhpStorm 2020.2.1\jbr\bin\net.dll
0x00007ff93b3d0000 - 0x00007ff93b4d0000 	C:\Windows\SYSTEM32\WINHTTP.dll
0x00007ff94c060000 - 0x00007ff94c0ca000 	C:\Windows\system32\mswsock.dll
0x00007ff929930000 - 0x00007ff929944000 	D:\PhpStorm 2020.2.1\jbr\bin\nio.dll

dbghelp: loaded successfully - version: 4.0.5 - missing functions: none
symbol engine: initialized successfully - sym options: 0x614 - pdb path: .;D:\PhpStorm 2020.2.1\jbr\bin;C:\Windows\SYSTEM32;C:\Windows\WinSxS\amd64_microsoft.windows.common-controls_6595b64144ccf1df_6.0.19041.746_none_ca02b4b61b8320a4;D:\PhpStorm 2020.2.1\jbr\bin\server

VM Arguments:
java_command: org.jetbrains.git4idea.http.GitAskPassApp Password for 'https://alexander-holovko@github.com': 
java_class_path (initial): D:/PhpStorm 2020.2.1/plugins/git4idea/lib/git4idea-rt.jar;D:/PhpStorm 2020.2.1/lib/xmlrpc-2.0.1.jar;D:/PhpStorm 2020.2.1/lib/commons-codec-1.14.jar
Launcher Type: SUN_STANDARD

[Global flags]
     intx CICompilerCount                          = 4                                         {product} {ergonomic}
     uint ConcGCThreads                            = 3                                         {product} {ergonomic}
     uint G1ConcRefinementThreads                  = 10                                        {product} {ergonomic}
   size_t G1HeapRegionSize                         = 1048576                                   {product} {ergonomic}
    uintx GCDrainStackTargetSize                   = 64                                        {product} {ergonomic}
   size_t InitialHeapSize                          = 266338304                                 {product} {ergonomic}
   size_t MarkStackSize                            = 4194304                                   {product} {ergonomic}
   size_t MaxHeapSize                              = 4253024256                                {product} {ergonomic}
   size_t MaxNewSize                               = 2551185408                                {product} {ergonomic}
   size_t MinHeapDeltaBytes                        = 1048576                                   {product} {ergonomic}
    uintx NonNMethodCodeHeapSize                   = 5836300                                {pd product} {ergonomic}
    uintx NonProfiledCodeHeapSize                  = 122910970                              {pd product} {ergonomic}
    uintx ProfiledCodeHeapSize                     = 122910970                              {pd product} {ergonomic}
    uintx ReservedCodeCacheSize                    = 251658240                              {pd product} {ergonomic}
     bool SegmentedCodeCache                       = true                                      {product} {ergonomic}
     bool UseCompressedClassPointers               = true                                 {lp64_product} {ergonomic}
     bool UseCompressedOops                        = true                                 {lp64_product} {ergonomic}
     bool UseG1GC                                  = true                                      {product} {ergonomic}
     bool UseLargePagesIndividualAllocation        = false                                  {pd product} {ergonomic}

Logging:
Log output configuration:
 #0: stdout all=warning uptime,level,tags
 #1: stderr all=off uptime,level,tags

Environment Variables:
PATH=C:/Program Files/Git/mingw64/libexec/git-core;C:/Program Files/Git/mingw64/libexec/git-core;C:\Program Files\Git\mingw64\bin;C:\Program Files\Git\usr\bin;C:\Users\Alexander\bin;C:\Python38\Scripts\;C:\Python38\;C:\Windows\system32;C:\Windows;C:\Windows\System32\Wbem;C:\Windows\System32\WindowsPowerShell\v1.0\;C:\Windows\System32\OpenSSH\;C:\Program Files\nodejs\;C:\ProgramData\chocolatey\bin;C:\Program Files\Git\cmd;C:\Program Files\Docker\Docker\resources\bin;C:\ProgramData\DockerDesktop\version-bin;E:\OSPanel\modules\php\PHP_7.3-x64;C:\ProgramData\ComposerSetup\bin;C:\Program Files\PuTTY\;C:\Users\Alexander\AppData\Local\Microsoft\WindowsApps;C:\Users\Alexander\AppData\Roaming\npm;C:\Users\Alexander\AppData\Roaming\Composer\vendor\bin
USERNAME=Alexander
DISPLAY=:0.0
LC_ALL=en_US.UTF-8
OS=Windows_NT
PROCESSOR_IDENTIFIER=Intel64 Family 6 Model 165 Stepping 2, GenuineIntel



---------------  S Y S T E M  ---------------

OS: Windows 10 , 64 bit Build 19041 (10.0.19041.804)
OS uptime: 4 days 9:01 hours
HyperV virtualization detected

CPU:total 12 (initial active 12) (6 cores per cpu, 2 threads per core) family 6 model 165 stepping 2, cmov, cx8, fxsr, mmx, sse, sse2, sse3, ssse3, sse4.1, sse4.2, popcnt, avx, avx2, aes, clmul, erms, 3dnowpref, lzcnt, ht, tsc, tscinvbit, bmi1, bmi2, adx, fma

Memory: 4k page, system-wide physical 16219M (3622M free)
TotalPageFile size 30216M (AvailPageFile size 3M)
current process WorkingSet (physical memory assigned to process): 45M, peak: 45M
current process commit charge ("private bytes"): 341M, peak: 341M

vm_info: OpenJDK 64-Bit Server VM (11.0.8+10-b944.31) for windows-amd64 JRE (11.0.8+10-b944.31), built on Aug  6 2020 12:27:04 by "" with MS VC++ 14.0 (VS2015)

END.
